<?xml version="1.0" encoding="UTF-8"?>
<!-- Generated by org.testng.reporters.JUnitXMLReporter -->
<testsuite ignored="5" hostname="Tejas_Dhakite" failures="0" tests="1" name="Default test(failed)" time="3.03" errors="0" timestamp="2023-06-10T11:57:42 IST">
  <testcase classname="TestCases.InventoryPageTest" name="verifyLinkedinLogoTest" time="0.031"/>
  <testcase classname="TestCases.InventoryPageTest" name="verifyLabelTest" time="0.0">
    <ignored/>
  </testcase> <!-- verifyLabelTest -->
  <testcase classname="TestCases.InventoryPageTest" name="remove2ProductTest" time="0.0">
    <ignored/>
  </testcase> <!-- remove2ProductTest -->
  <testcase classname="TestCases.InventoryPageTest" name="verifyTwitterLogoTest" time="0.0">
    <ignored/>
  </testcase> <!-- verifyTwitterLogoTest -->
  <testcase classname="TestCases.InventoryPageTest" name="add6ProductTest" time="0.0">
    <ignored/>
  </testcase> <!-- add6ProductTest -->
  <testcase classname="TestCases.InventoryPageTest" name="verifyFacebookLogoTest" time="0.0">
    <ignored/>
  </testcase> <!-- verifyFacebookLogoTest -->
</testsuite> <!-- Default test(failed) -->
