<?xml version="1.0" encoding="UTF-8"?>
<!-- Generated by org.testng.reporters.JUnitXMLReporter -->
<testsuite ignored="0" hostname="Tejas_Dhakite" failures="0" tests="5" name="Default test" time="13.269" errors="0" timestamp="2023-07-25T16:12:55 IST">
  <testcase classname="TestCases._1_LoginPageTest" name="verifyURLofAppTest" time="0.788"/>
  <testcase classname="TestCases._1_LoginPageTest" name="verifyTitleTest" time="0.041"/>
  <testcase classname="TestCases._1_LoginPageTest" name="verifyLoginLogoTest" time="0.043"/>
  <testcase classname="TestCases._1_LoginPageTest" name="loginToApplicationTest" time="1.607"/>
  <testcase classname="TestCases._1_LoginPageTest" name="verifyBotLogoTest" time="0.042"/>
</testsuite> <!-- Default test -->
