<?xml version="1.0" encoding="UTF-8"?>
<testng-results ignored="0" total="5" passed="5" failed="0" skipped="0">
  <reporter-output>
    <line>
      <![CDATA[Orignal URL of application :-https://www.saucedemo.com/v1/]]>
    </line>
    <line>
      <![CDATA[visibility of login logo :-true]]>
    </line>
    <line>
      <![CDATA[Current URL of application :-https://www.saucedemo.com/v1/inventory.html]]>
    </line>
    <line>
      <![CDATA[visibility of Bot logo :-true]]>
    </line>
  </reporter-output>
  <suite started-at="2023-07-25T16:12:42 IST" name="Default suite" finished-at="2023-07-25T16:12:55 IST" duration-ms="13269">
    <groups>
      <group name="Smoke, Sanity">
        <method signature="_1_LoginPageTest.verifyURLofAppTest()[pri:0, instance:TestCases._1_LoginPageTest@651aed93]" name="verifyURLofAppTest" class="TestCases._1_LoginPageTest"/>
      </group> <!-- Smoke, Sanity -->
      <group name="Sanity">
        <method signature="_1_LoginPageTest.loginToApplicationTest()[pri:3, instance:TestCases._1_LoginPageTest@651aed93]" name="loginToApplicationTest" class="TestCases._1_LoginPageTest"/>
      </group> <!-- Sanity -->
      <group name="Regression">
        <method signature="_1_LoginPageTest.loginToApplicationTest()[pri:3, instance:TestCases._1_LoginPageTest@651aed93]" name="loginToApplicationTest" class="TestCases._1_LoginPageTest"/>
      </group> <!-- Regression -->
      <group name="Smoke">
        <method signature="_1_LoginPageTest.verifyTitleTest()[pri:1, instance:TestCases._1_LoginPageTest@651aed93]" name="verifyTitleTest" class="TestCases._1_LoginPageTest"/>
        <method signature="_1_LoginPageTest.verifyLoginLogoTest()[pri:2, instance:TestCases._1_LoginPageTest@651aed93]" name="verifyLoginLogoTest" class="TestCases._1_LoginPageTest"/>
        <method signature="_1_LoginPageTest.verifyBotLogoTest()[pri:3, instance:TestCases._1_LoginPageTest@651aed93]" name="verifyBotLogoTest" class="TestCases._1_LoginPageTest"/>
      </group> <!-- Smoke -->
    </groups>
    <test started-at="2023-07-25T16:12:42 IST" name="Default test" finished-at="2023-07-25T16:12:55 IST" duration-ms="13269">
      <class name="TestCases._1_LoginPageTest">
        <test-method is-config="true" signature="setup()[pri:0, instance:TestCases._1_LoginPageTest@651aed93]" started-at="2023-07-25T16:12:42 IST" name="setup" finished-at="2023-07-25T16:12:46 IST" duration-ms="3843" status="PASS">
          <reporter-output>
          </reporter-output>
        </test-method> <!-- setup -->
        <test-method signature="verifyURLofAppTest()[pri:0, instance:TestCases._1_LoginPageTest@651aed93]" started-at="2023-07-25T16:12:46 IST" name="verifyURLofAppTest" finished-at="2023-07-25T16:12:46 IST" duration-ms="788" status="PASS">
          <reporter-output>
            <line>
              <![CDATA[Orignal URL of application :-https://www.saucedemo.com/v1/]]>
            </line>
          </reporter-output>
        </test-method> <!-- verifyURLofAppTest -->
        <test-method is-config="true" signature="closeBrowser(org.testng.ITestResult)[pri:0, instance:TestCases._1_LoginPageTest@651aed93]" started-at="2023-07-25T16:12:46 IST" name="closeBrowser" finished-at="2023-07-25T16:12:47 IST" duration-ms="391" status="PASS">
          <params>
            <param index="0">
              <value>
                <![CDATA[[TestResult name=verifyURLofAppTest status=SUCCESS method=_1_LoginPageTest.verifyURLofAppTest()[pri:0, instance:TestCases._1_LoginPageTest@651aed93] output=Orignal URL of application :-https://www.saucedemo.com/v1/]]]>
              </value>
            </param>
          </params>
          <reporter-output>
          </reporter-output>
        </test-method> <!-- closeBrowser -->
        <test-method is-config="true" signature="setup()[pri:0, instance:TestCases._1_LoginPageTest@651aed93]" started-at="2023-07-25T16:12:47 IST" name="setup" finished-at="2023-07-25T16:12:48 IST" duration-ms="1489" status="PASS">
          <reporter-output>
          </reporter-output>
        </test-method> <!-- setup -->
        <test-method signature="verifyTitleTest()[pri:1, instance:TestCases._1_LoginPageTest@651aed93]" started-at="2023-07-25T16:12:48 IST" name="verifyTitleTest" finished-at="2023-07-25T16:12:48 IST" duration-ms="41" status="PASS">
          <reporter-output>
          </reporter-output>
        </test-method> <!-- verifyTitleTest -->
        <test-method is-config="true" signature="closeBrowser(org.testng.ITestResult)[pri:0, instance:TestCases._1_LoginPageTest@651aed93]" started-at="2023-07-25T16:12:48 IST" name="closeBrowser" finished-at="2023-07-25T16:12:49 IST" duration-ms="136" status="PASS">
          <params>
            <param index="0">
              <value>
                <![CDATA[[TestResult name=verifyTitleTest status=SUCCESS method=_1_LoginPageTest.verifyTitleTest()[pri:1, instance:TestCases._1_LoginPageTest@651aed93] output={null}]]]>
              </value>
            </param>
          </params>
          <reporter-output>
          </reporter-output>
        </test-method> <!-- closeBrowser -->
        <test-method is-config="true" signature="setup()[pri:0, instance:TestCases._1_LoginPageTest@651aed93]" started-at="2023-07-25T16:12:49 IST" name="setup" finished-at="2023-07-25T16:12:50 IST" duration-ms="1415" status="PASS">
          <reporter-output>
          </reporter-output>
        </test-method> <!-- setup -->
        <test-method signature="verifyLoginLogoTest()[pri:2, instance:TestCases._1_LoginPageTest@651aed93]" started-at="2023-07-25T16:12:50 IST" name="verifyLoginLogoTest" finished-at="2023-07-25T16:12:50 IST" duration-ms="43" status="PASS">
          <reporter-output>
            <line>
              <![CDATA[visibility of login logo :-true]]>
            </line>
          </reporter-output>
        </test-method> <!-- verifyLoginLogoTest -->
        <test-method is-config="true" signature="closeBrowser(org.testng.ITestResult)[pri:0, instance:TestCases._1_LoginPageTest@651aed93]" started-at="2023-07-25T16:12:50 IST" name="closeBrowser" finished-at="2023-07-25T16:12:50 IST" duration-ms="123" status="PASS">
          <params>
            <param index="0">
              <value>
                <![CDATA[[TestResult name=verifyLoginLogoTest status=SUCCESS method=_1_LoginPageTest.verifyLoginLogoTest()[pri:2, instance:TestCases._1_LoginPageTest@651aed93] output=visibility of login logo :-true]]]>
              </value>
            </param>
          </params>
          <reporter-output>
          </reporter-output>
        </test-method> <!-- closeBrowser -->
        <test-method is-config="true" signature="setup()[pri:0, instance:TestCases._1_LoginPageTest@651aed93]" started-at="2023-07-25T16:12:50 IST" name="setup" finished-at="2023-07-25T16:12:52 IST" duration-ms="1445" status="PASS">
          <reporter-output>
          </reporter-output>
        </test-method> <!-- setup -->
        <test-method signature="loginToApplicationTest()[pri:3, instance:TestCases._1_LoginPageTest@651aed93]" started-at="2023-07-25T16:12:52 IST" name="loginToApplicationTest" finished-at="2023-07-25T16:12:53 IST" duration-ms="1607" status="PASS">
          <reporter-output>
            <line>
              <![CDATA[Current URL of application :-https://www.saucedemo.com/v1/inventory.html]]>
            </line>
          </reporter-output>
        </test-method> <!-- loginToApplicationTest -->
        <test-method is-config="true" signature="closeBrowser(org.testng.ITestResult)[pri:0, instance:TestCases._1_LoginPageTest@651aed93]" started-at="2023-07-25T16:12:53 IST" name="closeBrowser" finished-at="2023-07-25T16:12:53 IST" duration-ms="151" status="PASS">
          <params>
            <param index="0">
              <value>
                <![CDATA[[TestResult name=loginToApplicationTest status=SUCCESS method=_1_LoginPageTest.loginToApplicationTest()[pri:3, instance:TestCases._1_LoginPageTest@651aed93] output=Current URL of application :-https://www.saucedemo.com/v1/inventory.html]]]>
              </value>
            </param>
          </params>
          <reporter-output>
          </reporter-output>
        </test-method> <!-- closeBrowser -->
        <test-method is-config="true" signature="setup()[pri:0, instance:TestCases._1_LoginPageTest@651aed93]" started-at="2023-07-25T16:12:53 IST" name="setup" finished-at="2023-07-25T16:12:55 IST" duration-ms="1554" status="PASS">
          <reporter-output>
          </reporter-output>
        </test-method> <!-- setup -->
        <test-method signature="verifyBotLogoTest()[pri:3, instance:TestCases._1_LoginPageTest@651aed93]" started-at="2023-07-25T16:12:55 IST" name="verifyBotLogoTest" finished-at="2023-07-25T16:12:55 IST" duration-ms="42" status="PASS">
          <reporter-output>
            <line>
              <![CDATA[visibility of Bot logo :-true]]>
            </line>
          </reporter-output>
        </test-method> <!-- verifyBotLogoTest -->
        <test-method is-config="true" signature="closeBrowser(org.testng.ITestResult)[pri:0, instance:TestCases._1_LoginPageTest@651aed93]" started-at="2023-07-25T16:12:55 IST" name="closeBrowser" finished-at="2023-07-25T16:12:55 IST" duration-ms="137" status="PASS">
          <params>
            <param index="0">
              <value>
                <![CDATA[[TestResult name=verifyBotLogoTest status=SUCCESS method=_1_LoginPageTest.verifyBotLogoTest()[pri:3, instance:TestCases._1_LoginPageTest@651aed93] output=visibility of Bot logo :-true]]]>
              </value>
            </param>
          </params>
          <reporter-output>
          </reporter-output>
        </test-method> <!-- closeBrowser -->
      </class> <!-- TestCases._1_LoginPageTest -->
    </test> <!-- Default test -->
  </suite> <!-- Default suite -->
</testng-results>
